  stdafx.cpp
  Camera.cpp
  GameFramework.cpp
  GameObject.cpp
  GraphicsPipeline.cpp
  LabProject03.cpp
  Mesh.cpp
C:\Users\SuperHong\source\repos\2020_1_\new 3D\LabProjects\LabProject03\Mesh.cpp(62,48): warning C4101: 'f3ProjectCamera' :참조되지 않은 지역 변수입니다.
  Player.cpp
  Scene.cpp
C:\Users\SuperHong\source\repos\2020_1_\new 3D\LabProjects\LabProject03\Scene.cpp(76,7): warning C4101: 'bIsVisible' :참조되지 않은 지역 변수입니다.
C:\Users\SuperHong\source\repos\2020_1_\new 3D\LabProjects\LabProject03\Scene.cpp(183,19): warning C4244: '초기화 중': 'double'에서 'float'(으)로 변환하면서 데이터가 손실될 수 있습니다.
C:\Users\SuperHong\source\repos\2020_1_\new 3D\LabProjects\LabProject03\Scene.cpp(184,20): warning C4244: '초기화 중': 'double'에서 'float'(으)로 변환하면서 데이터가 손실될 수 있습니다.
  Timer.cpp
  코드를 생성하고 있습니다.
  Previous IPDB not found, fall back to full compilation.
C:\Users\SuperHong\source\repos\2020_1_\new 3D\LabProjects\LabProject03\GameObject.cpp(124): warning C4172: 지역 변수 또는 임시: Pos의 주소를 반환하고 있습니다.
C:\Users\SuperHong\source\repos\2020_1_\new 3D\LabProjects\LabProject03\GameObject.cpp(139): warning C4715: 'CGameObject::IsVisible': 모든 제어 경로에서 값을 반환하지는 않습니다.
  All 288 functions were compiled because no usable IPDB/IOBJ from previous compilation was found.
  코드를 생성했습니다.
  LabProject03.vcxproj -> C:\Users\SuperHong\source\repos\2020_1_\new 3D\LabProjects\Release\LabProject03.exe
