  Camera.cpp
C:\Users\SuperHong\source\repos\2020_1_\3D game\LabProjects\LabProject01_pro\Camera.cpp(65,38): warning C4244: '=': 'double'에서 'float'(으)로 변환하면서 데이터가 손실될 수 있습니다.
C:\Users\SuperHong\source\repos\2020_1_\3D game\LabProjects\LabProject01_pro\Camera.cpp(65,64): warning C4244: '=': 'double'에서 'float'(으)로 변환하면서 데이터가 손실될 수 있습니다.
C:\Users\SuperHong\source\repos\2020_1_\3D game\LabProjects\LabProject01_pro\Camera.cpp(66,35): warning C4244: '=': 'double'에서 'float'(으)로 변환하면서 데이터가 손실될 수 있습니다.
C:\Users\SuperHong\source\repos\2020_1_\3D game\LabProjects\LabProject01_pro\Camera.cpp(66,65): warning C4244: '=': 'double'에서 'float'(으)로 변환하면서 데이터가 손실될 수 있습니다.
C:\Users\SuperHong\source\repos\2020_1_\3D game\LabProjects\LabProject01_pro\Camera.cpp(80,19): warning C4244: '=': 'double'에서 'float'(으)로 변환하면서 데이터가 손실될 수 있습니다.
C:\Users\SuperHong\source\repos\2020_1_\3D game\LabProjects\LabProject01_pro\Camera.cpp(80,59): warning C4244: '=': 'double'에서 'float'(으)로 변환하면서 데이터가 손실될 수 있습니다.
C:\Users\SuperHong\source\repos\2020_1_\3D game\LabProjects\LabProject01_pro\Camera.cpp(82,19): warning C4244: '=': 'double'에서 'float'(으)로 변환하면서 데이터가 손실될 수 있습니다.
C:\Users\SuperHong\source\repos\2020_1_\3D game\LabProjects\LabProject01_pro\Camera.cpp(82,61): warning C4244: '=': 'double'에서 'float'(으)로 변환하면서 데이터가 손실될 수 있습니다.
C:\Users\SuperHong\source\repos\2020_1_\3D game\LabProjects\LabProject01_pro\Camera.cpp(96,19): warning C4244: '=': 'double'에서 'float'(으)로 변환하면서 데이터가 손실될 수 있습니다.
C:\Users\SuperHong\source\repos\2020_1_\3D game\LabProjects\LabProject01_pro\Camera.cpp(96,44): warning C4244: '=': 'double'에서 'float'(으)로 변환하면서 데이터가 손실될 수 있습니다.
C:\Users\SuperHong\source\repos\2020_1_\3D game\LabProjects\LabProject01_pro\Camera.cpp(97,16): warning C4244: '=': 'double'에서 'float'(으)로 변환하면서 데이터가 손실될 수 있습니다.
C:\Users\SuperHong\source\repos\2020_1_\3D game\LabProjects\LabProject01_pro\Camera.cpp(97,45): warning C4244: '=': 'double'에서 'float'(으)로 변환하면서 데이터가 손실될 수 있습니다.
  GameFramework.cpp
  GraphicsPipeline.cpp
  LabProject01.cpp
  Mesh.cpp
  Player.cpp
  Scene.cpp
  코드를 생성하고 있습니다...
  LabProject01_pro.vcxproj -> C:\Users\SuperHong\source\repos\2020_1_\3D game\LabProjects\Debug\LabProject01_pro.exe
