c:\users\superhong\source\repos\github\2020_1_\new 3d\labprojects\labproject04\x64\release\vc142.pdb
c:\users\superhong\source\repos\github\2020_1_\new 3d\labprojects\labproject04\x64\release\stdafx.obj
c:\users\superhong\source\repos\github\2020_1_\new 3d\labprojects\labproject04\x64\release\timer.obj
c:\users\superhong\source\repos\github\2020_1_\new 3d\labprojects\labproject04\x64\release\labproject04.obj
c:\users\superhong\source\repos\github\2020_1_\new 3d\labprojects\labproject04\x64\release\gameframework.obj
c:\users\superhong\source\repos\github\2020_1_\new 3d\labprojects\x64\release\labproject04.ipdb
c:\users\superhong\source\repos\github\2020_1_\new 3d\labprojects\x64\release\labproject04.iobj
c:\users\superhong\source\repos\github\2020_1_\new 3d\labprojects\x64\release\labproject04.exe
c:\users\superhong\source\repos\github\2020_1_\new 3d\labprojects\x64\release\labproject04.pdb
c:\users\superhong\source\repos\github\2020_1_\new 3d\labprojects\labproject04\x64\release\labproject04.res
c:\users\superhong\source\repos\github\2020_1_\new 3d\labprojects\labproject04\x64\release\labproject04.tlog\cl.command.1.tlog
c:\users\superhong\source\repos\github\2020_1_\new 3d\labprojects\labproject04\x64\release\labproject04.tlog\cl.read.1.tlog
c:\users\superhong\source\repos\github\2020_1_\new 3d\labprojects\labproject04\x64\release\labproject04.tlog\cl.write.1.tlog
c:\users\superhong\source\repos\github\2020_1_\new 3d\labprojects\labproject04\x64\release\labproject04.tlog\labproject04.write.1u.tlog
c:\users\superhong\source\repos\github\2020_1_\new 3d\labprojects\labproject04\x64\release\labproject04.tlog\link.command.1.tlog
c:\users\superhong\source\repos\github\2020_1_\new 3d\labprojects\labproject04\x64\release\labproject04.tlog\link.read.1.tlog
c:\users\superhong\source\repos\github\2020_1_\new 3d\labprojects\labproject04\x64\release\labproject04.tlog\link.write.1.tlog
c:\users\superhong\source\repos\github\2020_1_\new 3d\labprojects\labproject04\x64\release\labproject04.tlog\rc.command.1.tlog
c:\users\superhong\source\repos\github\2020_1_\new 3d\labprojects\labproject04\x64\release\labproject04.tlog\rc.read.1.tlog
c:\users\superhong\source\repos\github\2020_1_\new 3d\labprojects\labproject04\x64\release\labproject04.tlog\rc.write.1.tlog
