C:\Program Files (x86)\Microsoft Visual Studio\2019\Community\MSBuild\Microsoft\VC\v160\Microsoft.CppBuild.targets(459,5): warning MSB8028: The intermediate directory (Release\) contains files shared from another project (LabProject01.vcxproj, LabProject01_pro.vcxproj).  This can lead to incorrect clean and rebuild behavior.
  stdafx.cpp
  Camera.cpp
C:\Users\SuperHong\source\repos\2020_1_\3D game\LabProjects\LabProject01_2018182041홍순조\Camera.cpp(75,38): warning C4244: '=': 'double'에서 'float'(으)로 변환하면서 데이터가 손실될 수 있습니다.
C:\Users\SuperHong\source\repos\2020_1_\3D game\LabProjects\LabProject01_2018182041홍순조\Camera.cpp(75,64): warning C4244: '=': 'double'에서 'float'(으)로 변환하면서 데이터가 손실될 수 있습니다.
C:\Users\SuperHong\source\repos\2020_1_\3D game\LabProjects\LabProject01_2018182041홍순조\Camera.cpp(76,35): warning C4244: '=': 'double'에서 'float'(으)로 변환하면서 데이터가 손실될 수 있습니다.
C:\Users\SuperHong\source\repos\2020_1_\3D game\LabProjects\LabProject01_2018182041홍순조\Camera.cpp(76,65): warning C4244: '=': 'double'에서 'float'(으)로 변환하면서 데이터가 손실될 수 있습니다.
C:\Users\SuperHong\source\repos\2020_1_\3D game\LabProjects\LabProject01_2018182041홍순조\Camera.cpp(91,19): warning C4244: '=': 'double'에서 'float'(으)로 변환하면서 데이터가 손실될 수 있습니다.
C:\Users\SuperHong\source\repos\2020_1_\3D game\LabProjects\LabProject01_2018182041홍순조\Camera.cpp(91,59): warning C4244: '=': 'double'에서 'float'(으)로 변환하면서 데이터가 손실될 수 있습니다.
C:\Users\SuperHong\source\repos\2020_1_\3D game\LabProjects\LabProject01_2018182041홍순조\Camera.cpp(93,19): warning C4244: '=': 'double'에서 'float'(으)로 변환하면서 데이터가 손실될 수 있습니다.
C:\Users\SuperHong\source\repos\2020_1_\3D game\LabProjects\LabProject01_2018182041홍순조\Camera.cpp(93,61): warning C4244: '=': 'double'에서 'float'(으)로 변환하면서 데이터가 손실될 수 있습니다.
C:\Users\SuperHong\source\repos\2020_1_\3D game\LabProjects\LabProject01_2018182041홍순조\Camera.cpp(107,19): warning C4244: '=': 'double'에서 'float'(으)로 변환하면서 데이터가 손실될 수 있습니다.
C:\Users\SuperHong\source\repos\2020_1_\3D game\LabProjects\LabProject01_2018182041홍순조\Camera.cpp(107,44): warning C4244: '=': 'double'에서 'float'(으)로 변환하면서 데이터가 손실될 수 있습니다.
C:\Users\SuperHong\source\repos\2020_1_\3D game\LabProjects\LabProject01_2018182041홍순조\Camera.cpp(108,16): warning C4244: '=': 'double'에서 'float'(으)로 변환하면서 데이터가 손실될 수 있습니다.
C:\Users\SuperHong\source\repos\2020_1_\3D game\LabProjects\LabProject01_2018182041홍순조\Camera.cpp(108,45): warning C4244: '=': 'double'에서 'float'(으)로 변환하면서 데이터가 손실될 수 있습니다.
  GameFramework.cpp
  GameObject.cpp
C:\Users\SuperHong\source\repos\2020_1_\3D game\LabProjects\LabProject01_2018182041홍순조\GameObject.cpp(26,38): warning C4244: '=': 'double'에서 'float'(으)로 변환하면서 데이터가 손실될 수 있습니다.
C:\Users\SuperHong\source\repos\2020_1_\3D game\LabProjects\LabProject01_2018182041홍순조\GameObject.cpp(26,64): warning C4244: '=': 'double'에서 'float'(으)로 변환하면서 데이터가 손실될 수 있습니다.
C:\Users\SuperHong\source\repos\2020_1_\3D game\LabProjects\LabProject01_2018182041홍순조\GameObject.cpp(27,35): warning C4244: '=': 'double'에서 'float'(으)로 변환하면서 데이터가 손실될 수 있습니다.
C:\Users\SuperHong\source\repos\2020_1_\3D game\LabProjects\LabProject01_2018182041홍순조\GameObject.cpp(27,65): warning C4244: '=': 'double'에서 'float'(으)로 변환하면서 데이터가 손실될 수 있습니다.
C:\Users\SuperHong\source\repos\2020_1_\3D game\LabProjects\LabProject01_2018182041홍순조\GameObject.cpp(41,19): warning C4244: '=': 'double'에서 'float'(으)로 변환하면서 데이터가 손실될 수 있습니다.
C:\Users\SuperHong\source\repos\2020_1_\3D game\LabProjects\LabProject01_2018182041홍순조\GameObject.cpp(41,59): warning C4244: '=': 'double'에서 'float'(으)로 변환하면서 데이터가 손실될 수 있습니다.
C:\Users\SuperHong\source\repos\2020_1_\3D game\LabProjects\LabProject01_2018182041홍순조\GameObject.cpp(43,19): warning C4244: '=': 'double'에서 'float'(으)로 변환하면서 데이터가 손실될 수 있습니다.
C:\Users\SuperHong\source\repos\2020_1_\3D game\LabProjects\LabProject01_2018182041홍순조\GameObject.cpp(43,61): warning C4244: '=': 'double'에서 'float'(으)로 변환하면서 데이터가 손실될 수 있습니다.
C:\Users\SuperHong\source\repos\2020_1_\3D game\LabProjects\LabProject01_2018182041홍순조\GameObject.cpp(57,19): warning C4244: '=': 'double'에서 'float'(으)로 변환하면서 데이터가 손실될 수 있습니다.
C:\Users\SuperHong\source\repos\2020_1_\3D game\LabProjects\LabProject01_2018182041홍순조\GameObject.cpp(57,44): warning C4244: '=': 'double'에서 'float'(으)로 변환하면서 데이터가 손실될 수 있습니다.
C:\Users\SuperHong\source\repos\2020_1_\3D game\LabProjects\LabProject01_2018182041홍순조\GameObject.cpp(58,16): warning C4244: '=': 'double'에서 'float'(으)로 변환하면서 데이터가 손실될 수 있습니다.
C:\Users\SuperHong\source\repos\2020_1_\3D game\LabProjects\LabProject01_2018182041홍순조\GameObject.cpp(58,45): warning C4244: '=': 'double'에서 'float'(으)로 변환하면서 데이터가 손실될 수 있습니다.
  GraphicsPipeline.cpp
  LabProject01.cpp
  Mesh.cpp
  Player.cpp
  Scene.cpp
  Timer.cpp
  코드를 생성하고 있습니다.
  120 of 120 functions (100.0%) were compiled.
    115 functions were new in current compilation
    0 functions had inline decision re-evaluated but remain unchanged
  코드를 생성했습니다.
  LabProject.vcxproj -> C:\Users\SuperHong\source\repos\2020_1_\3D game\LabProjects\Release\LabProject03.exe
