  main.cpp
C:\Program Files (x86)\Microsoft Visual Studio\2019\Community\VC\Tools\MSVC\14.24.28314\include\xutility(4870,1): error C2825: '_Urng': '::'가 뒤에 나오면 클래스 또는 네임스페이스여야 합니다.
C:\Program Files (x86)\Microsoft Visual Studio\2019\Community\VC\Tools\MSVC\14.24.28314\include\random(1854): message : 컴파일되는 클래스 템플릿 인스턴스화 'std::_Rng_from_urng<unsigned int,_Engine>'에 대한 참조를 확인하세요.
          with
          [
              _Engine=std::default_random_engine (void)
          ]
C:\Program Files (x86)\Microsoft Visual Studio\2019\Community\VC\Tools\MSVC\14.24.28314\include\random(1822): message : 컴파일되는 함수 템플릿 인스턴스화 'int std::uniform_int<_Ty>::_Eval<_Engine>(_Engine (__cdecl &),_Ty,_Ty) const'에 대한 참조를 확인하세요.
          with
          [
              _Ty=int,
              _Engine=std::default_random_engine (void)
          ]
C:\Program Files (x86)\Microsoft Visual Studio\2019\Community\VC\Tools\MSVC\14.24.28314\include\random(1822): message : 컴파일되는 함수 템플릿 인스턴스화 'int std::uniform_int<_Ty>::_Eval<_Engine>(_Engine (__cdecl &),_Ty,_Ty) const'에 대한 참조를 확인하세요.
          with
          [
              _Ty=int,
              _Engine=std::default_random_engine (void)
          ]
C:\Users\SuperHong\source\repos\2020_1_\STL\9week\1day01\main.cpp(62): message : 컴파일되는 함수 템플릿 인스턴스화 'int std::uniform_int<_Ty>::operator ()<std::default_random_engine(void)>(_Engine (__cdecl &)) const'에 대한 참조를 확인하세요.
          with
          [
              _Ty=int,
              _Engine=std::default_random_engine (void)
          ]
C:\Users\SuperHong\source\repos\2020_1_\STL\9week\1day01\main.cpp(62): message : 컴파일되는 함수 템플릿 인스턴스화 'int std::uniform_int<_Ty>::operator ()<std::default_random_engine(void)>(_Engine (__cdecl &)) const'에 대한 참조를 확인하세요.
          with
          [
              _Ty=int,
              _Engine=std::default_random_engine (void)
          ]
C:\Program Files (x86)\Microsoft Visual Studio\2019\Community\VC\Tools\MSVC\14.24.28314\include\filesystem(2087): message : 컴파일되는 클래스 템플릿 인스턴스화 'std::chrono::time_point<std::filesystem::_File_time_clock,std::chrono::duration<std::chrono::system_clock::rep,std::chrono::system_clock::period>>'에 대한 참조를 확인하세요.
C:\Program Files (x86)\Microsoft Visual Studio\2019\Community\VC\Tools\MSVC\14.24.28314\include\xstring(1743): message : 컴파일되는 클래스 템플릿 인스턴스화 'std::basic_string_view<wchar_t,std::char_traits<wchar_t>>'에 대한 참조를 확인하세요.
C:\Program Files (x86)\Microsoft Visual Studio\2019\Community\VC\Tools\MSVC\14.24.28314\include\xutility(4870,34): error C2510: '_Urng': '::' 왼쪽은 클래스/구조체/공용 구조체이어야 합니다.
C:\Program Files (x86)\Microsoft Visual Studio\2019\Community\VC\Tools\MSVC\14.24.28314\include\xutility(4870,1): error C2061: 구문 오류: 식별자 'result_type'
C:\Program Files (x86)\Microsoft Visual Studio\2019\Community\VC\Tools\MSVC\14.24.28314\include\xutility(4872,41): error C2065: '_Ty1': 선언되지 않은 식별자입니다.
C:\Program Files (x86)\Microsoft Visual Studio\2019\Community\VC\Tools\MSVC\14.24.28314\include\xutility(4872,3): error C2065: '_Ty1': 선언되지 않은 식별자입니다.
C:\Program Files (x86)\Microsoft Visual Studio\2019\Community\VC\Tools\MSVC\14.24.28314\include\xutility(4872,20): error C2923: 'std::conditional_t': '_Ty1'은(는) '_Ty2' 매개 변수에 대한 올바른 템플릿 형식 인수가 아닙니다.
