c:\users\superhong\source\repos\2020_1_\new 3d\labprojects\labproject03\x64\debug\vc142.pdb
c:\users\superhong\source\repos\2020_1_\new 3d\labprojects\labproject03\x64\debug\vc142.idb
c:\users\superhong\source\repos\2020_1_\new 3d\labprojects\labproject03\x64\debug\timer.obj
c:\users\superhong\source\repos\2020_1_\new 3d\labprojects\labproject03\x64\debug\stdafx.obj
c:\users\superhong\source\repos\2020_1_\new 3d\labprojects\labproject03\x64\debug\mesh.obj
c:\users\superhong\source\repos\2020_1_\new 3d\labprojects\labproject03\x64\debug\labproject03.obj
c:\users\superhong\source\repos\2020_1_\new 3d\labprojects\labproject03\x64\debug\graphicspipeline.obj
c:\users\superhong\source\repos\github\2020_1_\new 3d\labprojects\labproject03\x64\debug\vc142.pdb
c:\users\superhong\source\repos\github\2020_1_\new 3d\labprojects\labproject03\x64\debug\vc142.idb
c:\users\superhong\source\repos\github\2020_1_\new 3d\labprojects\labproject03\x64\debug\timer.obj
c:\users\superhong\source\repos\github\2020_1_\new 3d\labprojects\labproject03\x64\debug\stdafx.obj
c:\users\superhong\source\repos\github\2020_1_\new 3d\labprojects\labproject03\x64\debug\scene.obj
c:\users\superhong\source\repos\github\2020_1_\new 3d\labprojects\labproject03\x64\debug\player.obj
c:\users\superhong\source\repos\github\2020_1_\new 3d\labprojects\labproject03\x64\debug\mesh.obj
c:\users\superhong\source\repos\github\2020_1_\new 3d\labprojects\labproject03\x64\debug\labproject03.obj
c:\users\superhong\source\repos\github\2020_1_\new 3d\labprojects\labproject03\x64\debug\graphicspipeline.obj
c:\users\superhong\source\repos\github\2020_1_\new 3d\labprojects\labproject03\x64\debug\gameobject.obj
c:\users\superhong\source\repos\github\2020_1_\new 3d\labprojects\labproject03\x64\debug\gameframework.obj
c:\users\superhong\source\repos\github\2020_1_\new 3d\labprojects\labproject03\x64\debug\camera.obj
c:\users\superhong\source\repos\github\2020_1_\new 3d\labprojects\x64\debug\labproject03.ilk
c:\users\superhong\source\repos\github\2020_1_\new 3d\labprojects\x64\debug\labproject03.exe
c:\users\superhong\source\repos\github\2020_1_\new 3d\labprojects\x64\debug\labproject03.pdb
c:\users\superhong\source\repos\github\2020_1_\new 3d\labprojects\labproject03\x64\debug\labproject03.res
c:\users\superhong\source\repos\github\2020_1_\new 3d\labprojects\labproject03\x64\debug\labproject03.tlog\cl.command.1.tlog
c:\users\superhong\source\repos\github\2020_1_\new 3d\labprojects\labproject03\x64\debug\labproject03.tlog\cl.read.1.tlog
c:\users\superhong\source\repos\github\2020_1_\new 3d\labprojects\labproject03\x64\debug\labproject03.tlog\cl.write.1.tlog
c:\users\superhong\source\repos\github\2020_1_\new 3d\labprojects\labproject03\x64\debug\labproject03.tlog\link.command.1.tlog
c:\users\superhong\source\repos\github\2020_1_\new 3d\labprojects\labproject03\x64\debug\labproject03.tlog\link.read.1.tlog
c:\users\superhong\source\repos\github\2020_1_\new 3d\labprojects\labproject03\x64\debug\labproject03.tlog\link.write.1.tlog
c:\users\superhong\source\repos\github\2020_1_\new 3d\labprojects\labproject03\x64\debug\labproject03.tlog\rc.command.1.tlog
c:\users\superhong\source\repos\github\2020_1_\new 3d\labprojects\labproject03\x64\debug\labproject03.tlog\rc.read.1.tlog
c:\users\superhong\source\repos\github\2020_1_\new 3d\labprojects\labproject03\x64\debug\labproject03.tlog\rc.write.1.tlog
