c:\users\superhong\source\repos\github\2020_1_\new 3d\labprojects\finalproject\x64\debug\finalproject.pch
c:\users\superhong\source\repos\github\2020_1_\new 3d\labprojects\finalproject\x64\debug\vc142.pdb
c:\users\superhong\source\repos\github\2020_1_\new 3d\labprojects\finalproject\x64\debug\vc142.idb
c:\users\superhong\source\repos\github\2020_1_\new 3d\labprojects\finalproject\x64\debug\stdafx.obj
c:\users\superhong\source\repos\github\2020_1_\new 3d\labprojects\finalproject\x64\debug\timer.obj
c:\users\superhong\source\repos\github\2020_1_\new 3d\labprojects\finalproject\x64\debug\shader.obj
c:\users\superhong\source\repos\github\2020_1_\new 3d\labprojects\finalproject\x64\debug\scene.obj
c:\users\superhong\source\repos\github\2020_1_\new 3d\labprojects\finalproject\x64\debug\player.obj
c:\users\superhong\source\repos\github\2020_1_\new 3d\labprojects\finalproject\x64\debug\object.obj
c:\users\superhong\source\repos\github\2020_1_\new 3d\labprojects\finalproject\x64\debug\mesh.obj
c:\users\superhong\source\repos\github\2020_1_\new 3d\labprojects\finalproject\x64\debug\gameframework.obj
c:\users\superhong\source\repos\github\2020_1_\new 3d\labprojects\finalproject\x64\debug\finalproject.obj
c:\users\superhong\source\repos\github\2020_1_\new 3d\labprojects\finalproject\x64\debug\camera.obj
c:\users\superhong\source\repos\github\2020_1_\new 3d\labprojects\x64\debug\finalproject.exe
c:\users\superhong\source\repos\github\2020_1_\new 3d\labprojects\x64\debug\finalproject.ilk
c:\users\superhong\source\repos\github\2020_1_\new 3d\labprojects\x64\debug\finalproject.pdb
c:\users\superhong\source\repos\github\2020_1_\new 3d\labprojects\finalproject\x64\debug\finalproject.res
c:\users\superhong\source\repos\github\2020_1_\new 3d\labprojects\finalproject\x64\debug\finalproject.tlog\cl.command.1.tlog
c:\users\superhong\source\repos\github\2020_1_\new 3d\labprojects\finalproject\x64\debug\finalproject.tlog\cl.read.1.tlog
c:\users\superhong\source\repos\github\2020_1_\new 3d\labprojects\finalproject\x64\debug\finalproject.tlog\cl.write.1.tlog
c:\users\superhong\source\repos\github\2020_1_\new 3d\labprojects\finalproject\x64\debug\finalproject.tlog\fxc.command.1.tlog
c:\users\superhong\source\repos\github\2020_1_\new 3d\labprojects\finalproject\x64\debug\finalproject.tlog\fxc.read.1.tlog
c:\users\superhong\source\repos\github\2020_1_\new 3d\labprojects\finalproject\x64\debug\finalproject.tlog\link.command.1.tlog
c:\users\superhong\source\repos\github\2020_1_\new 3d\labprojects\finalproject\x64\debug\finalproject.tlog\link.read.1.tlog
c:\users\superhong\source\repos\github\2020_1_\new 3d\labprojects\finalproject\x64\debug\finalproject.tlog\link.write.1.tlog
c:\users\superhong\source\repos\github\2020_1_\new 3d\labprojects\finalproject\x64\debug\finalproject.tlog\rc.command.1.tlog
c:\users\superhong\source\repos\github\2020_1_\new 3d\labprojects\finalproject\x64\debug\finalproject.tlog\rc.read.1.tlog
c:\users\superhong\source\repos\github\2020_1_\new 3d\labprojects\finalproject\x64\debug\finalproject.tlog\rc.write.1.tlog
